<?xml version="1.0" encoding="UTF-8"?>
<testsuite xmlns:xsi="http://www.w3.org/2001/XMLSchema-instance" xsi:noNamespaceSchemaLocation="https://maven.apache.org/surefire/maven-surefire-plugin/xsd/surefire-test-report.xsd" version="3.0.2" name="dev.jaypatel.quotes.QuotesApplicationTests" time="1.801" tests="1" errors="0" skipped="0" failures="0">
  <properties>
[...]
</properties>
  <testcase name="contextLoads" classname="dev.jaypatel.quotes.QuotesApplicationTests" time="0.458">
    <system-out><![CDATA[18:05:24.931 [main] INFO org.springframework.test.context.support.AnnotationConfigContextLoaderUtils -- Could not detect default configuration classes for test class [dev.jaypatel.quotes.QuotesApplicationTests]: QuotesApplicationTests does not declare any static, non-private, non-final, nested classes annotated with @Configuration.
18:05:24.990 [main] INFO org.springframework.boot.test.context.SpringBootTestContextBootstrapper -- Found @SpringBootConfiguration dev.jaypatel.quotes.QuotesApplication for test class dev.jaypatel.quotes.QuotesApplicationTests
18:05:25.064 [main] INFO org.springframework.boot.devtools.restart.RestartApplicationListener -- Restart disabled due to context in which it is running

  .   ____          _            __ _ _
 /\\ / ___'_ __ _ _(_)_ __  __ _ \ \ \ \
( ( )\___ | '_ | '_| | '_ \/ _` | \ \ \ \
 \\/  ___)| |_)| | | | | || (_| |  ) ) ) )
  '  |____| .__|_| |_|_| |_\__, | / / / /
 =========|_|==============|___/=/_/_/_/

 :: Spring Boot ::                (v3.4.0)

2024-12-07T18:05:25.193+05:30  INFO 76435 --- [quotes] [           main] d.j.quotes.QuotesApplicationTests        : Starting QuotesApplicationTests using Java 21.0.5 with PID 76435 (started by jaypatel in /Users/jaypatel/Documents/Learn/Projects/Quotes Website/week1-tasks/quotes-backend)
2024-12-07T18:05:25.194+05:30  INFO 76435 --- [quotes] [           main] d.j.quotes.QuotesApplicationTests        : No active profile set, falling back to 1 default profile: "default"
2024-12-07T18:05:25.483+05:30  INFO 76435 --- [quotes] [           main] .s.d.r.c.RepositoryConfigurationDelegate : Bootstrapping Spring Data MongoDB repositories in DEFAULT mode.
2024-12-07T18:05:25.505+05:30  INFO 76435 --- [quotes] [           main] .s.d.r.c.RepositoryConfigurationDelegate : Finished Spring Data repository scanning in 19 ms. Found 1 MongoDB repository interface.
2024-12-07T18:05:25.773+05:30  INFO 76435 --- [quotes] [           main] org.mongodb.driver.client                : MongoClient with metadata {"driver": {"name": "mongo-java-driver|sync|spring-boot", "version": "5.2.1"}, "os": {"type": "Darwin", "name": "Mac OS X", "architecture": "aarch64", "version": "15.0"}, "platform": "Java/Oracle Corporation/21.0.5+9-LTS-239"} created with settings MongoClientSettings{readPreference=primary, writeConcern=WriteConcern{w=null, wTimeout=null ms, journal=null}, retryWrites=true, retryReads=true, readConcern=ReadConcern{level=null}, credential=MongoCredential{mechanism=null, userName='blacklonewolf', source='admin', password=<hidden>, mechanismProperties=<hidden>}, transportSettings=null, commandListeners=[], codecRegistry=ProvidersCodecRegistry{codecProviders=[ValueCodecProvider{}, BsonValueCodecProvider{}, DBRefCodecProvider{}, DBObjectCodecProvider{}, DocumentCodecProvider{}, CollectionCodecProvider{}, IterableCodecProvider{}, MapCodecProvider{}, GeoJsonCodecProvider{}, GridFSFileCodecProvider{}, Jsr310CodecProvider{}, JsonObjectCodecProvider{}, BsonCodecProvider{}, EnumCodecProvider{}, com.mongodb.client.model.mql.ExpressionCodecProvider@7dcb42a9, com.mongodb.Jep395RecordCodecProvider@6af90849, com.mongodb.KotlinCodecProvider@1d06f16f]}, loggerSettings=LoggerSettings{maxDocumentLength=1000}, clusterSettings={hosts=[127.0.0.1:27017], srvHost=cluster0.opxom.mongodb.net, srvServiceName=mongodb, mode=MULTIPLE, requiredClusterType=REPLICA_SET, requiredReplicaSetName='atlas-rlxs36-shard-0', serverSelector='null', clusterListeners='[]', serverSelectionTimeout='30000 ms', localThreshold='15 ms'}, socketSettings=SocketSettings{connectTimeoutMS=10000, readTimeoutMS=0, receiveBufferSize=0, proxySettings=ProxySettings{host=null, port=null, username=null, password=null}}, heartbeatSocketSettings=SocketSettings{connectTimeoutMS=10000, readTimeoutMS=10000, receiveBufferSize=0, proxySettings=ProxySettings{host=null, port=null, username=null, password=null}}, connectionPoolSettings=ConnectionPoolSettings{maxSize=100, minSize=0, maxWaitTimeMS=120000, maxConnectionLifeTimeMS=0, maxConnectionIdleTimeMS=0, maintenanceInitialDelayMS=0, maintenanceFrequencyMS=60000, connectionPoolListeners=[], maxConnecting=2}, serverSettings=ServerSettings{heartbeatFrequencyMS=10000, minHeartbeatFrequencyMS=500, serverMonitoringMode=AUTO, serverListeners='[]', serverMonitorListeners='[]'}, sslSettings=SslSettings{enabled=true, invalidHostNameAllowed=false, context=null}, applicationName='null', compressorList=[], uuidRepresentation=JAVA_LEGACY, serverApi=null, autoEncryptionSettings=null, dnsClient=null, inetAddressResolver=null, contextProvider=null, timeoutMS=null}
2024-12-07T18:05:25.951+05:30  INFO 76435 --- [quotes] [xom.mongodb.net] org.mongodb.driver.cluster               : Adding discovered server cluster0-shard-00-00.opxom.mongodb.net:27017 to client view of cluster
2024-12-07T18:05:25.964+05:30  INFO 76435 --- [quotes] [xom.mongodb.net] org.mongodb.driver.cluster               : Adding discovered server cluster0-shard-00-01.opxom.mongodb.net:27017 to client view of cluster
2024-12-07T18:05:25.970+05:30  INFO 76435 --- [quotes] [xom.mongodb.net] org.mongodb.driver.cluster               : Adding discovered server cluster0-shard-00-02.opxom.mongodb.net:27017 to client view of cluster
2024-12-07T18:05:26.181+05:30  INFO 76435 --- [quotes] [           main] d.j.quotes.QuotesApplicationTests        : Started QuotesApplicationTests in 1.122 seconds (process running for 1.576)
2024-12-07T18:05:26.525+05:30  INFO 76435 --- [quotes] [ngodb.net:27017] org.mongodb.driver.cluster               : Monitor thread successfully connected to server with description ServerDescription{address=cluster0-shard-00-02.opxom.mongodb.net:27017, type=REPLICA_SET_SECONDARY, cryptd=false, state=CONNECTED, ok=true, minWireVersion=0, maxWireVersion=25, maxDocumentSize=16777216, logicalSessionTimeoutMinutes=30, roundTripTimeNanos=274679792, minRoundTripTimeNanos=0, setName='atlas-rlxs36-shard-0', canonicalAddress=cluster0-shard-00-02.opxom.mongodb.net:27017, hosts=[cluster0-shard-00-02.opxom.mongodb.net:27017, cluster0-shard-00-00.opxom.mongodb.net:27017, cluster0-shard-00-01.opxom.mongodb.net:27017], passives=[], arbiters=[], primary='cluster0-shard-00-01.opxom.mongodb.net:27017', tagSet=TagSet{[Tag{name='availabilityZone', value='asia-south1-c'}, Tag{name='diskState', value='READY'}, Tag{name='nodeType', value='ELECTABLE'}, Tag{name='provider', value='GCP'}, Tag{name='region', value='ASIA_SOUTH_1'}, Tag{name='workloadType', value='OPERATIONAL'}]}, electionId=null, setVersion=1, topologyVersion=TopologyVersion{processId=6740ef0bf3715e3195f211b0, counter=3}, lastWriteDate=Sat Dec 07 18:05:26 IST 2024, lastUpdateTimeNanos=626976224804208}
2024-12-07T18:05:26.525+05:30  INFO 76435 --- [quotes] [ngodb.net:27017] org.mongodb.driver.cluster               : Monitor thread successfully connected to server with description ServerDescription{address=cluster0-shard-00-00.opxom.mongodb.net:27017, type=REPLICA_SET_SECONDARY, cryptd=false, state=CONNECTED, ok=true, minWireVersion=0, maxWireVersion=25, maxDocumentSize=16777216, logicalSessionTimeoutMinutes=30, roundTripTimeNanos=196855583, minRoundTripTimeNanos=0, setName='atlas-rlxs36-shard-0', canonicalAddress=cluster0-shard-00-00.opxom.mongodb.net:27017, hosts=[cluster0-shard-00-02.opxom.mongodb.net:27017, cluster0-shard-00-00.opxom.mongodb.net:27017, cluster0-shard-00-01.opxom.mongodb.net:27017], passives=[], arbiters=[], primary='cluster0-shard-00-01.opxom.mongodb.net:27017', tagSet=TagSet{[Tag{name='availabilityZone', value='asia-south1-a'}, Tag{name='diskState', value='READY'}, Tag{name='nodeType', value='ELECTABLE'}, Tag{name='provider', value='GCP'}, Tag{name='region', value='ASIA_SOUTH_1'}, Tag{name='workloadType', value='OPERATIONAL'}]}, electionId=null, setVersion=1, topologyVersion=TopologyVersion{processId=6740e79460bf93d3c4e78996, counter=4}, lastWriteDate=Sat Dec 07 18:05:26 IST 2024, lastUpdateTimeNanos=626976224804208}
2024-12-07T18:05:26.525+05:30  INFO 76435 --- [quotes] [ngodb.net:27017] org.mongodb.driver.cluster               : Monitor thread successfully connected to server with description ServerDescription{address=cluster0-shard-00-01.opxom.mongodb.net:27017, type=REPLICA_SET_PRIMARY, cryptd=false, state=CONNECTED, ok=true, minWireVersion=0, maxWireVersion=25, maxDocumentSize=16777216, logicalSessionTimeoutMinutes=30, roundTripTimeNanos=238120458, minRoundTripTimeNanos=0, setName='atlas-rlxs36-shard-0', canonicalAddress=cluster0-shard-00-01.opxom.mongodb.net:27017, hosts=[cluster0-shard-00-02.opxom.mongodb.net:27017, cluster0-shard-00-00.opxom.mongodb.net:27017, cluster0-shard-00-01.opxom.mongodb.net:27017], passives=[], arbiters=[], primary='cluster0-shard-00-01.opxom.mongodb.net:27017', tagSet=TagSet{[Tag{name='availabilityZone', value='asia-south1-b'}, Tag{name='diskState', value='READY'}, Tag{name='nodeType', value='ELECTABLE'}, Tag{name='provider', value='GCP'}, Tag{name='region', value='ASIA_SOUTH_1'}, Tag{name='workloadType', value='OPERATIONAL'}]}, electionId=7fffffff000000000000000c, setVersion=1, topologyVersion=TopologyVersion{processId=6740ea6cdcd8bbc1c7f34b8f, counter=6}, lastWriteDate=Sat Dec 07 18:05:26 IST 2024, lastUpdateTimeNanos=626976224939250}
2024-12-07T18:05:26.527+05:30  INFO 76435 --- [quotes] [ngodb.net:27017] org.mongodb.driver.cluster               : Discovered replica set primary cluster0-shard-00-01.opxom.mongodb.net:27017 with max election id 7fffffff000000000000000c and max set version 1
]]></system-out>
    <system-err><![CDATA[Mockito is currently self-attaching to enable the inline-mock-maker. This will no longer work in future releases of the JDK. Please add Mockito as an agent to your build what is described in Mockito's documentation: https://javadoc.io/doc/org.mockito/mockito-core/latest/org/mockito/Mockito.html#0.3
WARNING: A Java agent has been loaded dynamically (/Users/jaypatel/.m2/repository/net/bytebuddy/byte-buddy-agent/1.15.10/byte-buddy-agent-1.15.10.jar)
WARNING: If a serviceability tool is in use, please run with -XX:+EnableDynamicAgentLoading to hide this warning
WARNING: If a serviceability tool is not in use, please run with -Djdk.instrument.traceUsage for more information
WARNING: Dynamic loading of agents will be disallowed by default in a future release
]]></system-err>
  </testcase>
</testsuite>